<?xml version="1.0" encoding="UTF-8"?>
<testng-results ignored="0" total="1" passed="1" failed="0" skipped="0">
  <reporter-output>
  </reporter-output>
  <suite started-at="2023-05-12T10:33:02 IST" name="manipal testng suite" finished-at="2023-05-12T10:33:22 IST" duration-ms="19725">
    <groups>
    </groups>
    <test started-at="2023-05-12T10:33:02 IST" name="Chrome Test" finished-at="2023-05-12T10:33:22 IST" duration-ms="19725">
      <class name="org.example.OrangeLogin">
        <test-method is-config="true" signature="setDriver(java.lang.String)[pri:0, instance:org.example.OrangeLogin@e056f20]" started-at="2023-05-12T10:33:02 IST" name="setDriver" finished-at="2023-05-12T10:33:20 IST" duration-ms="17447" status="PASS">
          <params>
            <param index="0">
              <value>
                <![CDATA[chrome]]>
              </value>
            </param>
          </params>
          <reporter-output>
          </reporter-output>
        </test-method> <!-- setDriver -->
        <test-method signature="login()[pri:0, instance:org.example.OrangeLogin@e056f20]" started-at="2023-05-12T10:33:20 IST" name="login" finished-at="2023-05-12T10:33:22 IST" duration-ms="1763" status="PASS">
          <reporter-output>
          </reporter-output>
        </test-method> <!-- login -->
        <test-method is-config="true" signature="closeBrowser()[pri:0, instance:org.example.OrangeLogin@e056f20]" started-at="2023-05-12T10:33:22 IST" name="closeBrowser" finished-at="2023-05-12T10:33:22 IST" duration-ms="456" status="PASS">
          <reporter-output>
          </reporter-output>
        </test-method> <!-- closeBrowser -->
      </class> <!-- org.example.OrangeLogin -->
    </test> <!-- Chrome Test -->
  </suite> <!-- manipal testng suite -->
</testng-results>
